/Users/noah/Desktop/AI Startup Ideas/01_ArcGIS_Pro_AutoFix_Tool/solara_app/.venv/lib/python3.9/site-packages/urllib3/__init__.py:35: NotOpenSSLWarning: urllib3 v2 only supports OpenSSL 1.1.1+, currently the 'ssl' module is compiled with 'LibreSSL 2.8.3'. See: https://github.com/urllib3/urllib3/issues/3020
  warnings.warn(
Solara server is starting at http://0.0.0.0:8765
ERROR:    Uncaught exception: Traceback (most recent call last):
  File "/Users/noah/Desktop/AI Startup Ideas/01_ArcGIS_Pro_AutoFix_Tool/solara_app/.venv/lib/python3.9/site-packages/ipywidgets/widgets/widget.py", line 191, in __call__
    local_value = callback(*args, **kwargs)
  File "/Users/noah/Desktop/AI Startup Ideas/01_ArcGIS_Pro_AutoFix_Tool/solara_app/.venv/lib/python3.9/site-packages/ipyvue/VueWidget.py", line 131, in _handle_event
    self._fire_event(event, data)
  File "/Users/noah/Desktop/AI Startup Ideas/01_ArcGIS_Pro_AutoFix_Tool/solara_app/.venv/lib/python3.9/site-packages/ipyvue/VueWidget.py", line 126, in _fire_event
    callback(self, event, data)
  File "/Users/noah/Desktop/AI Startup Ideas/01_ArcGIS_Pro_AutoFix_Tool/solara_app/sol.py", line 163, in process_upload
    name = file_obj.get("name", "upload.zip")
AttributeError: 'str' object has no attribute 'get'

ERROR:    Uncaught exception: Traceback (most recent call last):
  File "/Users/noah/Desktop/AI Startup Ideas/01_ArcGIS_Pro_AutoFix_Tool/solara_app/.venv/lib/python3.9/site-packages/ipywidgets/widgets/widget.py", line 191, in __call__
    local_value = callback(*args, **kwargs)
  File "/Users/noah/Desktop/AI Startup Ideas/01_ArcGIS_Pro_AutoFix_Tool/solara_app/.venv/lib/python3.9/site-packages/ipyvue/VueWidget.py", line 131, in _handle_event
    self._fire_event(event, data)
  File "/Users/noah/Desktop/AI Startup Ideas/01_ArcGIS_Pro_AutoFix_Tool/solara_app/.venv/lib/python3.9/site-packages/ipyvue/VueWidget.py", line 126, in _fire_event
    callback(self, event, data)
  File "/Users/noah/Desktop/AI Startup Ideas/01_ArcGIS_Pro_AutoFix_Tool/solara_app/sol.py", line 163, in process_upload
    name = file_obj.get("name", "upload.zip")
AttributeError: 'str' object has no attribute 'get'

ERROR:    Uncaught exception: Traceback (most recent call last):
  File "/Users/noah/Desktop/AI Startup Ideas/01_ArcGIS_Pro_AutoFix_Tool/solara_app/.venv/lib/python3.9/site-packages/ipywidgets/widgets/widget.py", line 191, in __call__
    local_value = callback(*args, **kwargs)
  File "/Users/noah/Desktop/AI Startup Ideas/01_ArcGIS_Pro_AutoFix_Tool/solara_app/.venv/lib/python3.9/site-packages/ipyvue/VueWidget.py", line 131, in _handle_event
    self._fire_event(event, data)
  File "/Users/noah/Desktop/AI Startup Ideas/01_ArcGIS_Pro_AutoFix_Tool/solara_app/.venv/lib/python3.9/site-packages/ipyvue/VueWidget.py", line 126, in _fire_event
    callback(self, event, data)
  File "/Users/noah/Desktop/AI Startup Ideas/01_ArcGIS_Pro_AutoFix_Tool/solara_app/sol.py", line 163, in process_upload
    name = file_obj.get("name", "upload.zip")
AttributeError: 'str' object has no attribute 'get'

ERROR:    Uncaught exception: Traceback (most recent call last):
  File "/Users/noah/Desktop/AI Startup Ideas/01_ArcGIS_Pro_AutoFix_Tool/solara_app/.venv/lib/python3.9/site-packages/ipywidgets/widgets/widget.py", line 191, in __call__
    local_value = callback(*args, **kwargs)
  File "/Users/noah/Desktop/AI Startup Ideas/01_ArcGIS_Pro_AutoFix_Tool/solara_app/.venv/lib/python3.9/site-packages/ipyvue/VueWidget.py", line 131, in _handle_event
    self._fire_event(event, data)
  File "/Users/noah/Desktop/AI Startup Ideas/01_ArcGIS_Pro_AutoFix_Tool/solara_app/.venv/lib/python3.9/site-packages/ipyvue/VueWidget.py", line 126, in _fire_event
    callback(self, event, data)
  File "/Users/noah/Desktop/AI Startup Ideas/01_ArcGIS_Pro_AutoFix_Tool/solara_app/sol.py", line 163, in process_upload
    name = file_obj.get("name", "upload.zip")
AttributeError: 'str' object has no attribute 'get'

ERROR:    Uncaught exception: Traceback (most recent call last):
  File "/Users/noah/Desktop/AI Startup Ideas/01_ArcGIS_Pro_AutoFix_Tool/solara_app/.venv/lib/python3.9/site-packages/ipywidgets/widgets/widget.py", line 191, in __call__
    local_value = callback(*args, **kwargs)
  File "/Users/noah/Desktop/AI Startup Ideas/01_ArcGIS_Pro_AutoFix_Tool/solara_app/.venv/lib/python3.9/site-packages/ipyvue/VueWidget.py", line 131, in _handle_event
    self._fire_event(event, data)
  File "/Users/noah/Desktop/AI Startup Ideas/01_ArcGIS_Pro_AutoFix_Tool/solara_app/.venv/lib/python3.9/site-packages/ipyvue/VueWidget.py", line 126, in _fire_event
    callback(self, event, data)
  File "/Users/noah/Desktop/AI Startup Ideas/01_ArcGIS_Pro_AutoFix_Tool/solara_app/sol.py", line 163, in process_upload
    name = file_obj.get("name", "upload.zip")
AttributeError: 'str' object has no attribute 'get'

ERROR:    Uncaught exception: Traceback (most recent call last):
  File "/Users/noah/Desktop/AI Startup Ideas/01_ArcGIS_Pro_AutoFix_Tool/solara_app/.venv/lib/python3.9/site-packages/ipywidgets/widgets/widget.py", line 191, in __call__
    local_value = callback(*args, **kwargs)
  File "/Users/noah/Desktop/AI Startup Ideas/01_ArcGIS_Pro_AutoFix_Tool/solara_app/.venv/lib/python3.9/site-packages/ipyvue/VueWidget.py", line 131, in _handle_event
    self._fire_event(event, data)
  File "/Users/noah/Desktop/AI Startup Ideas/01_ArcGIS_Pro_AutoFix_Tool/solara_app/.venv/lib/python3.9/site-packages/ipyvue/VueWidget.py", line 126, in _fire_event
    callback(self, event, data)
  File "/Users/noah/Desktop/AI Startup Ideas/01_ArcGIS_Pro_AutoFix_Tool/solara_app/sol.py", line 163, in process_upload
    name = file_obj.get("name", "upload.zip")
AttributeError: 'str' object has no attribute 'get'

ERROR:    Uncaught exception: Traceback (most recent call last):
  File "/Users/noah/Desktop/AI Startup Ideas/01_ArcGIS_Pro_AutoFix_Tool/solara_app/.venv/lib/python3.9/site-packages/ipywidgets/widgets/widget.py", line 191, in __call__
    local_value = callback(*args, **kwargs)
  File "/Users/noah/Desktop/AI Startup Ideas/01_ArcGIS_Pro_AutoFix_Tool/solara_app/.venv/lib/python3.9/site-packages/ipyvue/VueWidget.py", line 131, in _handle_event
    self._fire_event(event, data)
  File "/Users/noah/Desktop/AI Startup Ideas/01_ArcGIS_Pro_AutoFix_Tool/solara_app/.venv/lib/python3.9/site-packages/ipyvue/VueWidget.py", line 126, in _fire_event
    callback(self, event, data)
  File "/Users/noah/Desktop/AI Startup Ideas/01_ArcGIS_Pro_AutoFix_Tool/solara_app/sol.py", line 163, in process_upload
    name = file_obj.get("name", "upload.zip")
AttributeError: 'str' object has no attribute 'get'

ERROR:    Uncaught exception: Traceback (most recent call last):
  File "/Users/noah/Desktop/AI Startup Ideas/01_ArcGIS_Pro_AutoFix_Tool/solara_app/.venv/lib/python3.9/site-packages/ipywidgets/widgets/widget.py", line 191, in __call__
    local_value = callback(*args, **kwargs)
  File "/Users/noah/Desktop/AI Startup Ideas/01_ArcGIS_Pro_AutoFix_Tool/solara_app/.venv/lib/python3.9/site-packages/ipyvue/VueWidget.py", line 131, in _handle_event
    self._fire_event(event, data)
  File "/Users/noah/Desktop/AI Startup Ideas/01_ArcGIS_Pro_AutoFix_Tool/solara_app/.venv/lib/python3.9/site-packages/ipyvue/VueWidget.py", line 126, in _fire_event
    callback(self, event, data)
  File "/Users/noah/Desktop/AI Startup Ideas/01_ArcGIS_Pro_AutoFix_Tool/solara_app/sol.py", line 163, in process_upload
    name = file_obj.get("name", "upload.zip")
AttributeError: 'str' object has no attribute 'get'

